<?xml version="1.0" encoding="UTF-8"?>
<testng-results ignored="0" total="2" passed="2" failed="0" skipped="0">
  <reporter-output>
    <line>
      <![CDATA[logged in successfully]]>
    </line>
  </reporter-output>
  <suite started-at="2023-11-04T14:19:21 IST" name="Default suite" finished-at="2023-11-04T14:19:28 IST" duration-ms="6821">
    <groups>
    </groups>
    <test started-at="2023-11-04T14:19:21 IST" name="Default test" finished-at="2023-11-04T14:19:28 IST" duration-ms="6821">
      <class name="tyss.alphaselenium.DemoWebShopLoginScript_Test">
        <test-method signature="dataReciever()[pri:0, instance:tyss.alphaselenium.DemoWebShopLoginScript_Test@49e53c76]" started-at="2023-11-04T14:19:21 IST" name="dataReciever" finished-at="2023-11-04T14:19:22 IST" duration-ms="523" status="PASS">
          <reporter-output>
          </reporter-output>
        </test-method> <!-- dataReciever -->
        <test-method signature="login()[pri:0, instance:tyss.alphaselenium.DemoWebShopLoginScript_Test@49e53c76]" started-at="2023-11-04T14:19:22 IST" name="login" finished-at="2023-11-04T14:19:28 IST" duration-ms="6262" status="PASS">
          <reporter-output>
            <line>
              <![CDATA[logged in successfully]]>
            </line>
          </reporter-output>
        </test-method> <!-- login -->
      </class> <!-- tyss.alphaselenium.DemoWebShopLoginScript_Test -->
    </test> <!-- Default test -->
  </suite> <!-- Default suite -->
</testng-results>
